{"uuid":"3dc52581-8b14-4eca-93a9-01d692e16c27","historyId":"52fa8d1abd96b50afc81f92adb924efc","fullName":"restassured.BikewiseTest.GETversionincidentsformatTest_qhw5cyh9vo6p","labels":[{"name":"package","value":"restassured"},{"name":"testClass","value":"restassured.BikewiseTest"},{"name":"testMethod","value":"GETversionincidentsformatTest_qhw5cyh9vo6p"},{"name":"suite","value":"restassured.BikewiseTest"},{"name":"host","value":"Tintin"},{"name":"thread","value":"1080@Tintin.main(1)"}],"links":[],"name":"GETversionincidentsformatTest_qhw5cyh9vo6p","status":"failed","statusDetails":{"known":false,"muted":false,"flaky":false,"message":"Validation failed.\n[ERROR] Response status 500 not defined for path '/v2/incidents'.","trace":"java.lang.AssertionError: Validation failed.\n[ERROR] Response status 500 not defined for path '/v2/incidents'.\r\n\tat org.junit.Assert.fail(Assert.java:88)\r\n\tat restassured.BikewiseTest.GETversionincidentsformatTest_qhw5cyh9vo6p(BikewiseTest.java:101)\r\n\tat sun.reflect.NativeMethodAccessorImpl.invoke0(Native Method)\r\n\tat sun.reflect.NativeMethodAccessorImpl.invoke(NativeMethodAccessorImpl.java:62)\r\n\tat sun.reflect.DelegatingMethodAccessorImpl.invoke(DelegatingMethodAccessorImpl.java:43)\r\n\tat java.lang.reflect.Method.invoke(Method.java:498)\r\n\tat org.junit.runners.model.FrameworkMethod$1.runReflectiveCall(FrameworkMethod.java:50)\r\n\tat org.junit.internal.runners.model.ReflectiveCallable.run(ReflectiveCallable.java:12)\r\n\tat org.junit.runners.model.FrameworkMethod.invokeExplosively(FrameworkMethod.java:47)\r\n\tat org.junit.internal.runners.statements.InvokeMethod.evaluate(InvokeMethod.java:17)\r\n\tat org.junit.runners.ParentRunner.runLeaf(ParentRunner.java:325)\r\n\tat org.junit.runners.BlockJUnit4ClassRunner.runChild(BlockJUnit4ClassRunner.java:78)\r\n\tat org.junit.runners.BlockJUnit4ClassRunner.runChild(BlockJUnit4ClassRunner.java:57)\r\n\tat org.junit.runners.ParentRunner$3.run(ParentRunner.java:290)\r\n\tat org.junit.runners.ParentRunner$1.schedule(ParentRunner.java:71)\r\n\tat org.junit.runners.ParentRunner.runChildren(ParentRunner.java:288)\r\n\tat org.junit.runners.ParentRunner.access$000(ParentRunner.java:58)\r\n\tat org.junit.runners.ParentRunner$2.evaluate(ParentRunner.java:268)\r\n\tat org.junit.internal.runners.statements.RunBefores.evaluate(RunBefores.java:26)\r\n\tat org.junit.runners.ParentRunner.run(ParentRunner.java:363)\r\n\tat org.junit.runners.Suite.runChild(Suite.java:128)\r\n\tat org.junit.runners.Suite.runChild(Suite.java:27)\r\n\tat org.junit.runners.ParentRunner$3.run(ParentRunner.java:290)\r\n\tat org.junit.runners.ParentRunner$1.schedule(ParentRunner.java:71)\r\n\tat org.junit.runners.ParentRunner.runChildren(ParentRunner.java:288)\r\n\tat org.junit.runners.ParentRunner.access$000(ParentRunner.java:58)\r\n\tat org.junit.runners.ParentRunner$2.evaluate(ParentRunner.java:268)\r\n\tat org.junit.runners.ParentRunner.run(ParentRunner.java:363)\r\n\tat org.junit.runner.JUnitCore.run(JUnitCore.java:137)\r\n\tat org.junit.runner.JUnitCore.run(JUnitCore.java:115)\r\n\tat org.junit.runner.JUnitCore.run(JUnitCore.java:105)\r\n\tat org.junit.runner.JUnitCore.run(JUnitCore.java:94)\r\n\tat es.us.isa.restest.main.BikeWise.testExecution(BikeWise.java:72)\r\n\tat es.us.isa.restest.main.BikeWise.main(BikeWise.java:39)\r\n"},"stage":"finished","start":1555403488129,"stop":1555403489723}