{"uuid":"d161e4f8-69a6-4a82-99d4-e7b2047b8bdf","historyId":"c9757fb91096e687f5c8ddcf8d453aa4","fullName":"restassured.BikewiseTest.GETversionlocationsformatTest_r1a3sda3h8vo","labels":[{"name":"package","value":"restassured"},{"name":"testClass","value":"restassured.BikewiseTest"},{"name":"testMethod","value":"GETversionlocationsformatTest_r1a3sda3h8vo"},{"name":"suite","value":"restassured.BikewiseTest"},{"name":"host","value":"Tintin"},{"name":"thread","value":"1080@Tintin.main(1)"}],"links":[],"name":"GETversionlocationsformatTest_r1a3sda3h8vo","status":"failed","statusDetails":{"known":false,"muted":false,"flaky":false,"message":"Validation failed.\n[ERROR] Response status 500 not defined for path '/v2/locations'.","trace":"java.lang.AssertionError: Validation failed.\n[ERROR] Response status 500 not defined for path '/v2/locations'.\r\n\tat org.junit.Assert.fail(Assert.java:88)\r\n\tat restassured.BikewiseTest.GETversionlocationsformatTest_r1a3sda3h8vo(BikewiseTest.java:312)\r\n\tat sun.reflect.NativeMethodAccessorImpl.invoke0(Native Method)\r\n\tat sun.reflect.NativeMethodAccessorImpl.invoke(NativeMethodAccessorImpl.java:62)\r\n\tat sun.reflect.DelegatingMethodAccessorImpl.invoke(DelegatingMethodAccessorImpl.java:43)\r\n\tat java.lang.reflect.Method.invoke(Method.java:498)\r\n\tat org.junit.runners.model.FrameworkMethod$1.runReflectiveCall(FrameworkMethod.java:50)\r\n\tat org.junit.internal.runners.model.ReflectiveCallable.run(ReflectiveCallable.java:12)\r\n\tat org.junit.runners.model.FrameworkMethod.invokeExplosively(FrameworkMethod.java:47)\r\n\tat org.junit.internal.runners.statements.InvokeMethod.evaluate(InvokeMethod.java:17)\r\n\tat org.junit.runners.ParentRunner.runLeaf(ParentRunner.java:325)\r\n\tat org.junit.runners.BlockJUnit4ClassRunner.runChild(BlockJUnit4ClassRunner.java:78)\r\n\tat org.junit.runners.BlockJUnit4ClassRunner.runChild(BlockJUnit4ClassRunner.java:57)\r\n\tat org.junit.runners.ParentRunner$3.run(ParentRunner.java:290)\r\n\tat org.junit.runners.ParentRunner$1.schedule(ParentRunner.java:71)\r\n\tat org.junit.runners.ParentRunner.runChildren(ParentRunner.java:288)\r\n\tat org.junit.runners.ParentRunner.access$000(ParentRunner.java:58)\r\n\tat org.junit.runners.ParentRunner$2.evaluate(ParentRunner.java:268)\r\n\tat org.junit.internal.runners.statements.RunBefores.evaluate(RunBefores.java:26)\r\n\tat org.junit.runners.ParentRunner.run(ParentRunner.java:363)\r\n\tat org.junit.runners.Suite.runChild(Suite.java:128)\r\n\tat org.junit.runners.Suite.runChild(Suite.java:27)\r\n\tat org.junit.runners.ParentRunner$3.run(ParentRunner.java:290)\r\n\tat org.junit.runners.ParentRunner$1.schedule(ParentRunner.java:71)\r\n\tat org.junit.runners.ParentRunner.runChildren(ParentRunner.java:288)\r\n\tat org.junit.runners.ParentRunner.access$000(ParentRunner.java:58)\r\n\tat org.junit.runners.ParentRunner$2.evaluate(ParentRunner.java:268)\r\n\tat org.junit.runners.ParentRunner.run(ParentRunner.java:363)\r\n\tat org.junit.runner.JUnitCore.run(JUnitCore.java:137)\r\n\tat org.junit.runner.JUnitCore.run(JUnitCore.java:115)\r\n\tat org.junit.runner.JUnitCore.run(JUnitCore.java:105)\r\n\tat org.junit.runner.JUnitCore.run(JUnitCore.java:94)\r\n\tat es.us.isa.restest.main.BikeWise.testExecution(BikeWise.java:72)\r\n\tat es.us.isa.restest.main.BikeWise.main(BikeWise.java:39)\r\n"},"stage":"finished","start":1555403501268,"stop":1555403502393}