{"uuid":"e966cd9d-3af1-49a3-9891-26e0d1a36b85","historyId":"fd38dfa26e6cd789a0faca9efa133ec1","fullName":"restassured.BikewiseTest.GETversionlocationsmarkersformatTest_1iemo0bi5pbhf","labels":[{"name":"package","value":"restassured"},{"name":"testClass","value":"restassured.BikewiseTest"},{"name":"testMethod","value":"GETversionlocationsmarkersformatTest_1iemo0bi5pbhf"},{"name":"suite","value":"restassured.BikewiseTest"},{"name":"host","value":"Tintin"},{"name":"thread","value":"1080@Tintin.main(1)"}],"links":[],"name":"GETversionlocationsmarkersformatTest_1iemo0bi5pbhf","status":"failed","statusDetails":{"known":false,"muted":false,"flaky":false,"message":"Validation failed.\n[ERROR] Response status 500 not defined for path '/v2/locations/markers'.","trace":"java.lang.AssertionError: Validation failed.\n[ERROR] Response status 500 not defined for path '/v2/locations/markers'.\r\n\tat org.junit.Assert.fail(Assert.java:88)\r\n\tat restassured.BikewiseTest.GETversionlocationsmarkersformatTest_1iemo0bi5pbhf(BikewiseTest.java:408)\r\n\tat sun.reflect.NativeMethodAccessorImpl.invoke0(Native Method)\r\n\tat sun.reflect.NativeMethodAccessorImpl.invoke(NativeMethodAccessorImpl.java:62)\r\n\tat sun.reflect.DelegatingMethodAccessorImpl.invoke(DelegatingMethodAccessorImpl.java:43)\r\n\tat java.lang.reflect.Method.invoke(Method.java:498)\r\n\tat org.junit.runners.model.FrameworkMethod$1.runReflectiveCall(FrameworkMethod.java:50)\r\n\tat org.junit.internal.runners.model.ReflectiveCallable.run(ReflectiveCallable.java:12)\r\n\tat org.junit.runners.model.FrameworkMethod.invokeExplosively(FrameworkMethod.java:47)\r\n\tat org.junit.internal.runners.statements.InvokeMethod.evaluate(InvokeMethod.java:17)\r\n\tat org.junit.runners.ParentRunner.runLeaf(ParentRunner.java:325)\r\n\tat org.junit.runners.BlockJUnit4ClassRunner.runChild(BlockJUnit4ClassRunner.java:78)\r\n\tat org.junit.runners.BlockJUnit4ClassRunner.runChild(BlockJUnit4ClassRunner.java:57)\r\n\tat org.junit.runners.ParentRunner$3.run(ParentRunner.java:290)\r\n\tat org.junit.runners.ParentRunner$1.schedule(ParentRunner.java:71)\r\n\tat org.junit.runners.ParentRunner.runChildren(ParentRunner.java:288)\r\n\tat org.junit.runners.ParentRunner.access$000(ParentRunner.java:58)\r\n\tat org.junit.runners.ParentRunner$2.evaluate(ParentRunner.java:268)\r\n\tat org.junit.internal.runners.statements.RunBefores.evaluate(RunBefores.java:26)\r\n\tat org.junit.runners.ParentRunner.run(ParentRunner.java:363)\r\n\tat org.junit.runners.Suite.runChild(Suite.java:128)\r\n\tat org.junit.runners.Suite.runChild(Suite.java:27)\r\n\tat org.junit.runners.ParentRunner$3.run(ParentRunner.java:290)\r\n\tat org.junit.runners.ParentRunner$1.schedule(ParentRunner.java:71)\r\n\tat org.junit.runners.ParentRunner.runChildren(ParentRunner.java:288)\r\n\tat org.junit.runners.ParentRunner.access$000(ParentRunner.java:58)\r\n\tat org.junit.runners.ParentRunner$2.evaluate(ParentRunner.java:268)\r\n\tat org.junit.runners.ParentRunner.run(ParentRunner.java:363)\r\n\tat org.junit.runner.JUnitCore.run(JUnitCore.java:137)\r\n\tat org.junit.runner.JUnitCore.run(JUnitCore.java:115)\r\n\tat org.junit.runner.JUnitCore.run(JUnitCore.java:105)\r\n\tat org.junit.runner.JUnitCore.run(JUnitCore.java:94)\r\n\tat es.us.isa.restest.main.BikeWise.testExecution(BikeWise.java:72)\r\n\tat es.us.isa.restest.main.BikeWise.main(BikeWise.java:39)\r\n"},"stage":"finished","start":1555403567600,"stop":1555403568660}